<?xml version="1.0" encoding="UTF-8"?>
<!-- Generated by org.testng.reporters.JUnitReportReporter -->
<testsuite hostname="del1-lhp-n82050" failures="0" tests="2" name="pack.OrangeHRM" time="8.723" errors="0" timestamp="2022-07-21T12:40:26 IST" skipped="0">
  <testcase classname="pack.OrangeHRM" name="login" time="3.887"/>
  <system-out/>
  <testcase classname="pack.OrangeHRM" name="login" time="4.836"/>
  <system-out/>
</testsuite> <!-- pack.OrangeHRM -->
